<?xml version="1.0" encoding="UTF-8"?>
<coverage generated="1676070554321" clover="4.3.1">
   <project name="battleship" timestamp="1676070553944">
      <metrics coveredelements="1590" complexity="320" loc="3283" methods="190" classes="39" statements="1242" packages="2" coveredconditionals="188" coveredmethods="189" elements="1624" ncloc="2288" files="39" conditionals="192" coveredstatements="1213"/>
      <package name="edu.duke.bw224.battleship">
         <metrics coveredelements="1570" complexity="318" loc="3195" methods="188" classes="38" statements="1224" coveredconditionals="188" coveredmethods="187" elements="1604" ncloc="2229" files="38" conditionals="192" coveredstatements="1195"/>
         <file path="/Users/boyi/Desktop/Edu_Duke/651/ece651-sp20-bw224-battleship/battleship/src/main/java/edu/duke/bw224/battleship/Coordinate.java" name="Coordinate.java">
            <metrics coveredelements="32" coveredconditionals="6" complexity="12" loc="65" coveredmethods="7" methods="7" elements="32" classes="1" ncloc="46" statements="19" conditionals="6" coveredstatements="19"/>
            <class name="Coordinate">
               <metrics coveredelements="32" coveredconditionals="6" complexity="12" coveredmethods="7" methods="7" elements="32" statements="19" conditionals="6" coveredstatements="19"/>
            </class>
            <line complexity="1" visibility="public" signature="Coordinate(int,int)" num="9" count="44496" type="method"/>
            <line num="10" count="44496" type="stmt"/>
            <line num="11" count="44496" type="stmt"/>
            <line complexity="5" visibility="public" signature="Coordinate(String)" num="19" count="212" type="method"/>
            <line num="21" count="212" type="stmt"/>
            <line num="23" count="212" type="stmt"/>
            <line falsecount="192" truecount="20" num="23" type="cond"/>
            <line num="24" count="20" type="stmt"/>
            <line num="27" count="192" type="stmt"/>
            <line num="28" count="192" type="stmt"/>
            <line falsecount="191" truecount="1" num="28" type="cond"/>
            <line num="29" count="1" type="stmt"/>
            <line num="31" count="191" type="stmt"/>
            <line num="32" count="191" type="stmt"/>
            <line num="33" count="191" type="stmt"/>
            <line complexity="1" visibility="public" signature="getRow() : int" num="36" count="458" type="method"/>
            <line num="37" count="458" type="stmt"/>
            <line complexity="1" visibility="public" signature="getCol() : int" num="40" count="446" type="method"/>
            <line num="41" count="446" type="stmt"/>
            <line complexity="2" visibility="public" signature="equals(Object) : boolean" num="43" count="31855" type="method"/>
            <line num="45" count="31855" type="stmt"/>
            <line falsecount="1" truecount="31854" num="45" type="cond"/>
            <line num="46" count="31854" type="stmt"/>
            <line num="47" count="31854" type="stmt"/>
            <line num="49" count="1" type="stmt"/>
            <line complexity="1" visibility="public" signature="toString() : String" num="52" count="282908" type="method"/>
            <line num="54" count="282908" type="stmt"/>
            <line complexity="1" visibility="public" signature="hashCode() : int" num="57" count="282866" type="method"/>
            <line num="59" count="282866" type="stmt"/>
         </file>
         <file path="/Users/boyi/Desktop/Edu_Duke/651/ece651-sp20-bw224-battleship/battleship/src/main/java/edu/duke/bw224/battleship/BoardTextView.java" name="BoardTextView.java">
            <metrics coveredelements="57" coveredconditionals="12" complexity="13" loc="117" coveredmethods="6" methods="6" elements="57" classes="1" ncloc="63" statements="39" conditionals="12" coveredstatements="39"/>
            <class name="BoardTextView">
               <metrics coveredelements="57" coveredconditionals="12" complexity="13" coveredmethods="6" methods="6" elements="57" statements="39" conditionals="12" coveredstatements="39"/>
            </class>
            <line complexity="3" visibility="public" signature="BoardTextView(Board&lt;Character&gt;)" num="23" count="19" type="method"/>
            <line num="24" count="19" type="stmt"/>
            <line num="25" count="19" type="stmt"/>
            <line falsecount="17" truecount="2" num="25" type="cond"/>
            <line num="26" count="2" type="stmt"/>
            <line complexity="1" visibility="public" signature="displayMyOwnBoard() : String" num="36" count="129" type="method"/>
            <line num="37" count="129" type="stmt"/>
            <line complexity="1" visibility="public" signature="displayMyEnemyBoard() : String" num="44" count="98" type="method"/>
            <line num="45" count="98" type="stmt"/>
            <line complexity="4" visibility="protected" signature="displayAnyBoard(Function&lt;Coordinate, Character&gt;) : String" num="53" count="227" type="method"/>
            <line num="54" count="227" type="stmt"/>
            <line num="55" count="227" type="stmt"/>
            <line num="56" count="227" type="stmt"/>
            <line falsecount="227" truecount="4289" num="56" type="cond"/>
            <line num="57" count="4289" type="stmt"/>
            <line num="58" count="4289" type="stmt"/>
            <line num="59" count="4289" type="stmt"/>
            <line num="61" count="4289" type="stmt"/>
            <line falsecount="4289" truecount="42601" num="61" type="cond"/>
            <line num="62" count="42601" type="stmt"/>
            <line num="63" count="42601" type="stmt"/>
            <line falsecount="5763" truecount="36838" num="63" type="cond"/>
            <line num="64" count="42601" type="stmt"/>
            <line num="65" count="42601" type="stmt"/>
            <line num="67" count="4289" type="stmt"/>
            <line num="69" count="227" type="stmt"/>
            <line num="70" count="227" type="stmt"/>
            <line complexity="2" visibility="package" signature="makeHeader() : String" num="78" count="232" type="method"/>
            <line num="79" count="232" type="stmt"/>
            <line num="80" count="232" type="stmt"/>
            <line num="81" count="232" type="stmt"/>
            <line falsecount="232" truecount="2196" num="81" type="cond"/>
            <line num="82" count="2196" type="stmt"/>
            <line num="83" count="2196" type="stmt"/>
            <line num="84" count="2196" type="stmt"/>
            <line num="86" count="232" type="stmt"/>
            <line num="87" count="232" type="stmt"/>
            <line complexity="2" visibility="public" signature="displayMyBoardWithEnemyNextToIt(BoardTextView,String,String) : String" num="97" count="95" type="method"/>
            <line num="99" count="95" type="stmt"/>
            <line num="100" count="95" type="stmt"/>
            <line num="101" count="95" type="stmt"/>
            <line num="102" count="95" type="stmt"/>
            <line num="104" count="95" type="stmt"/>
            <line num="105" count="95" type="stmt"/>
            <line num="106" count="95" type="stmt"/>
            <line num="109" count="95" type="stmt"/>
            <line falsecount="95" truecount="2056" num="109" type="cond"/>
            <line num="110" count="2056" type="stmt"/>
            <line num="111" count="2056" type="stmt"/>
            <line num="112" count="2056" type="stmt"/>
            <line num="114" count="95" type="stmt"/>
         </file>
         <file path="/Users/boyi/Desktop/Edu_Duke/651/ece651-sp20-bw224-battleship/battleship/src/main/java/edu/duke/bw224/battleship/BattleShipBoard.java" name="BattleShipBoard.java">
            <metrics coveredelements="118" coveredconditionals="28" complexity="30" loc="242" coveredmethods="16" methods="16" elements="118" classes="1" ncloc="156" statements="74" conditionals="28" coveredstatements="74"/>
            <class name="BattleShipBoard">
               <metrics coveredelements="118" coveredconditionals="28" complexity="30" coveredmethods="16" methods="16" elements="118" statements="74" conditionals="28" coveredstatements="74"/>
            </class>
            <line complexity="1" visibility="public" signature="getWidth() : int" num="19" count="49598" type="method"/>
            <line num="20" count="49598" type="stmt"/>
            <line complexity="1" visibility="public" signature="getHeight() : int" num="22" count="5867" type="method"/>
            <line num="23" count="5867" type="stmt"/>
            <line complexity="1" visibility="public" signature="getShips() : Iterable&lt;Ship&lt;T&gt;&gt;" num="29" count="102" type="method"/>
            <line num="31" count="102" type="stmt"/>
            <line complexity="2" visibility="public" signature="getShipAt(Coordinate) : Ship&lt;T&gt;" num="38" count="9" type="method"/>
            <line num="40" count="9" type="stmt"/>
            <line num="41" count="57" type="stmt"/>
            <line falsecount="49" truecount="8" num="41" type="cond"/>
            <line num="42" count="8" type="stmt"/>
            <line num="45" count="1" type="stmt"/>
            <line complexity="1" visibility="public" signature="getMissInfo() : T" num="51" count="19" type="method"/>
            <line num="53" count="19" type="stmt"/>
            <line complexity="3" visibility="public" signature="BattleShipBoard(int,int,T,PlacementRuleChecker&lt;T&gt;,OrientationRuleChecker&lt;T&gt;,LoseChecker&lt;T&gt;)" num="63" count="33" type="method"/>
            <line num="65" count="33" type="stmt"/>
            <line falsecount="31" truecount="2" num="65" type="cond"/>
            <line num="66" count="2" type="stmt"/>
            <line num="68" count="31" type="stmt"/>
            <line falsecount="29" truecount="2" num="68" type="cond"/>
            <line num="69" count="2" type="stmt"/>
            <line num="71" count="29" type="stmt"/>
            <line num="72" count="29" type="stmt"/>
            <line num="73" count="29" type="stmt"/>
            <line num="74" count="29" type="stmt"/>
            <line num="75" count="29" type="stmt"/>
            <line num="76" count="29" type="stmt"/>
            <line num="77" count="29" type="stmt"/>
            <line num="78" count="29" type="stmt"/>
            <line num="79" count="29" type="stmt"/>
            <line complexity="1" visibility="public" signature="BattleShipBoard(int,int,T)" num="82" count="29" type="method"/>
            <line num="83" count="29" type="stmt"/>
            <line complexity="1" visibility="public" signature="whatIsAtForSelf(Coordinate) : T" num="92" count="28268" type="method"/>
            <line num="94" count="28268" type="stmt"/>
            <line complexity="1" visibility="public" signature="whatIsAtForEnemy(Coordinate) : T" num="97" count="20513" type="method"/>
            <line num="98" count="20513" type="stmt"/>
            <line complexity="5" visibility="protected" signature="whatIsAt(Coordinate,boolean) : T" num="107" count="50023" type="method"/>
            <line num="108" count="50023" type="stmt"/>
            <line falsecount="28888" truecount="21135" num="108" type="cond"/>
            <line num="109" count="21135" type="stmt"/>
            <line falsecount="20788" truecount="347" num="109" type="cond"/>
            <line num="110" count="347" type="stmt"/>
            <line num="112" count="20788" type="stmt"/>
            <line falsecount="17632" truecount="3156" num="112" type="cond"/>
            <line num="113" count="3156" type="stmt"/>
            <line num="117" count="28888" type="stmt"/>
            <line num="118" count="223072" type="stmt"/>
            <line falsecount="214916" truecount="8156" num="118" type="cond"/>
            <line num="119" count="8156" type="stmt"/>
            <line num="123" count="38364" type="stmt"/>
            <line complexity="2" visibility="public" signature="tryAddShip(Ship&lt;T&gt;) : String" num="131" count="58" type="method"/>
            <line num="133" count="58" type="stmt"/>
            <line num="134" count="58" type="stmt"/>
            <line falsecount="6" truecount="52" num="134" type="cond"/>
            <line num="135" count="52" type="stmt"/>
            <line num="137" count="58" type="stmt"/>
            <line complexity="3" visibility="public" signature="fireAt(Coordinate) : Ship&lt;T&gt;" num="146" count="96" type="method"/>
            <line num="148" count="96" type="stmt"/>
            <line falsecount="10" truecount="86" num="148" type="cond"/>
            <line num="149" count="86" type="stmt"/>
            <line num="150" count="86" type="stmt"/>
            <line num="151" count="513" type="stmt"/>
            <line falsecount="427" truecount="86" num="151" type="cond"/>
            <line num="152" count="86" type="stmt"/>
            <line num="154" count="86" type="stmt"/>
            <line num="155" count="86" type="stmt"/>
            <line num="156" count="86" type="stmt"/>
            <line num="157" count="86" type="stmt"/>
            <line num="160" count="86" type="stmt"/>
            <line num="165" count="10" type="stmt"/>
            <line num="166" count="10" type="stmt"/>
            <line num="167" count="10" type="stmt"/>
            <line complexity="1" visibility="public" signature="checkPlacementOrientation(String,Placement) : String" num="176" count="43" type="method"/>
            <line num="178" count="43" type="stmt"/>
            <line complexity="1" visibility="public" signature="checkAllSunk() : boolean" num="184" count="95" type="method"/>
            <line num="186" count="95" type="stmt"/>
            <line complexity="3" visibility="public" signature="updateMoveShipHitCoords(Ship&lt;T&gt;,Ship&lt;T&gt;) : void" num="194" count="8" type="method"/>
            <line num="196" count="8" type="stmt"/>
            <line num="197" count="8" type="stmt"/>
            <line num="198" count="8" type="stmt"/>
            <line num="200" count="39" type="stmt"/>
            <line falsecount="30" truecount="9" num="200" type="cond"/>
            <line num="203" count="9" type="stmt"/>
            <line num="204" count="9" type="stmt"/>
            <line num="205" count="9" type="stmt"/>
            <line num="207" count="9" type="stmt"/>
            <line num="208" count="38" type="stmt"/>
            <line num="209" count="38" type="stmt"/>
            <line num="210" count="38" type="stmt"/>
            <line num="211" count="38" type="stmt"/>
            <line falsecount="29" truecount="9" num="211" type="cond"/>
            <line num="212" count="9" type="stmt"/>
            <line complexity="3" visibility="public" signature="tryMoveShip(Ship&lt;T&gt;,Ship&lt;T&gt;) : String" num="224" count="11" type="method"/>
            <line num="227" count="11" type="stmt"/>
            <line num="228" count="11" type="stmt"/>
            <line falsecount="10" truecount="1" num="228" type="cond"/>
            <line num="229" count="1" type="stmt"/>
            <line num="232" count="10" type="stmt"/>
            <line num="233" count="10" type="stmt"/>
            <line falsecount="8" truecount="2" num="233" type="cond"/>
            <line num="235" count="2" type="stmt"/>
            <line num="236" count="2" type="stmt"/>
            <line num="239" count="8" type="stmt"/>
            <line num="240" count="8" type="stmt"/>
         </file>
         <file path="/Users/boyi/Desktop/Edu_Duke/651/ece651-sp20-bw224-battleship/battleship/src/main/java/edu/duke/bw224/battleship/V2ShipFactory.java" name="V2ShipFactory.java">
            <metrics coveredelements="4" coveredconditionals="0" complexity="2" loc="26" coveredmethods="2" methods="2" elements="4" classes="1" ncloc="11" statements="2" conditionals="0" coveredstatements="2"/>
            <class name="V2ShipFactory">
               <metrics coveredelements="4" coveredconditionals="0" complexity="2" coveredmethods="2" methods="2" elements="4" statements="2" conditionals="0" coveredstatements="2"/>
            </class>
            <line complexity="1" visibility="public" signature="makeBattleship(Placement) : Ship&lt;Character&gt;" num="10" count="15" type="method"/>
            <line num="12" count="15" type="stmt"/>
            <line complexity="1" visibility="public" signature="makeCarrier(Placement) : Ship&lt;Character&gt;" num="20" count="9" type="method"/>
            <line num="22" count="9" type="stmt"/>
         </file>
         <file path="/Users/boyi/Desktop/Edu_Duke/651/ece651-sp20-bw224-battleship/battleship/src/main/java/edu/duke/bw224/battleship/ShipDisplayInfo.java" name="ShipDisplayInfo.java">
            <metrics coveredelements="0" coveredconditionals="0" complexity="0" loc="5" coveredmethods="0" methods="0" elements="0" classes="1" ncloc="4" statements="0" conditionals="0" coveredstatements="0"/>
            <class name="ShipDisplayInfo">
               <metrics coveredelements="0" coveredconditionals="0" complexity="0" coveredmethods="0" methods="0" elements="0" statements="0" conditionals="0" coveredstatements="0"/>
            </class>
         </file>
         <file path="/Users/boyi/Desktop/Edu_Duke/651/ece651-sp20-bw224-battleship/battleship/src/main/java/edu/duke/bw224/battleship/Placement.java" name="Placement.java">
            <metrics coveredelements="37" coveredconditionals="8" complexity="13" loc="71" coveredmethods="7" methods="7" elements="37" classes="1" ncloc="51" statements="22" conditionals="8" coveredstatements="22"/>
            <class name="Placement">
               <metrics coveredelements="37" coveredconditionals="8" complexity="13" coveredmethods="7" methods="7" elements="37" statements="22" conditionals="8" coveredstatements="22"/>
            </class>
            <line complexity="2" visibility="public" signature="Placement(Coordinate,char)" num="15" count="37" type="method"/>
            <line num="16" count="37" type="stmt"/>
            <line num="17" count="37" type="stmt"/>
            <line num="18" count="37" type="stmt"/>
            <line falsecount="36" truecount="1" num="18" type="cond"/>
            <line num="19" count="1" type="stmt"/>
            <line num="22" count="36" type="stmt"/>
            <line complexity="5" visibility="public" signature="Placement(String)" num="30" count="79" type="method"/>
            <line num="31" count="79" type="stmt"/>
            <line falsecount="76" truecount="3" num="31" type="cond"/>
            <line num="32" count="3" type="stmt"/>
            <line num="34" count="76" type="stmt"/>
            <line num="35" count="76" type="stmt"/>
            <line num="36" count="66" type="stmt"/>
            <line num="37" count="66" type="stmt"/>
            <line num="38" count="66" type="stmt"/>
            <line falsecount="61" truecount="5" num="38" type="cond"/>
            <line num="39" count="5" type="stmt"/>
            <line num="42" count="61" type="stmt"/>
            <line complexity="1" visibility="public" signature="getWhere() : Coordinate" num="45" count="78" type="method"/>
            <line num="46" count="78" type="stmt"/>
            <line complexity="1" visibility="public" signature="getOrientation() : char" num="49" count="130" type="method"/>
            <line num="50" count="130" type="stmt"/>
            <line complexity="2" visibility="public" signature="equals(Object) : boolean" num="53" count="9" type="method"/>
            <line num="55" count="9" type="stmt"/>
            <line falsecount="1" truecount="8" num="55" type="cond"/>
            <line num="56" count="8" type="stmt"/>
            <line num="57" count="8" type="stmt"/>
            <line num="59" count="1" type="stmt"/>
            <line complexity="1" visibility="public" signature="toString() : String" num="62" count="7" type="method"/>
            <line num="64" count="7" type="stmt"/>
            <line complexity="1" visibility="public" signature="hashCode() : int" num="67" count="6" type="method"/>
            <line num="69" count="6" type="stmt"/>
         </file>
         <file path="/Users/boyi/Desktop/Edu_Duke/651/ece651-sp20-bw224-battleship/battleship/src/main/java/edu/duke/bw224/battleship/RectangleShip.java" name="RectangleShip.java">
            <metrics coveredelements="26" coveredconditionals="6" complexity="10" loc="59" coveredmethods="6" methods="6" elements="26" classes="1" ncloc="42" statements="14" conditionals="6" coveredstatements="14"/>
            <class name="RectangleShip">
               <metrics coveredelements="26" coveredconditionals="6" complexity="10" coveredmethods="6" methods="6" elements="26" statements="14" conditionals="6" coveredstatements="14"/>
            </class>
            <line complexity="1" visibility="public" signature="getName() : String" num="9" count="38" type="method"/>
            <line num="11" count="38" type="stmt"/>
            <line complexity="5" visibility="package" signature="makeCoords(Coordinate,int,int) : HashSet&lt;Coordinate&gt;" num="21" count="63" type="method"/>
            <line num="22" count="63" type="stmt"/>
            <line num="23" count="63" type="stmt"/>
            <line falsecount="59" truecount="4" num="23" type="cond"/>
            <line num="24" count="4" type="stmt"/>
            <line num="27" count="59" type="stmt"/>
            <line num="28" count="59" type="stmt"/>
            <line falsecount="59" truecount="95" num="28" type="cond"/>
            <line num="29" count="95" type="stmt"/>
            <line falsecount="95" truecount="172" num="29" type="cond"/>
            <line num="30" count="172" type="stmt"/>
            <line num="33" count="59" type="stmt"/>
            <line complexity="1" visibility="public" signature="RectangleShip(String,Coordinate,int,int,ShipDisplayInfo&lt;T&gt;,ShipDisplayInfo&lt;T&gt;)" num="37" count="56" type="method"/>
            <line num="39" count="56" type="stmt"/>
            <line num="40" count="56" type="stmt"/>
            <line complexity="1" visibility="public" signature="RectangleShip(String,Coordinate,int,int,T,T)" num="43" count="56" type="method"/>
            <line num="44" count="56" type="stmt"/>
            <line complexity="1" visibility="public" signature="RectangleShip(Coordinate,T,T)" num="48" count="4" type="method"/>
            <line num="49" count="4" type="stmt"/>
            <line complexity="1" visibility="public" signature="toString() : String" num="52" count="1" type="method"/>
            <line num="54" count="1" type="stmt"/>
         </file>
         <file path="/Users/boyi/Desktop/Edu_Duke/651/ece651-sp20-bw224-battleship/battleship/src/main/java/edu/duke/bw224/battleship/OrientationRuleChecker.java" name="OrientationRuleChecker.java">
            <metrics coveredelements="13" coveredconditionals="6" complexity="5" loc="25" coveredmethods="1" methods="1" elements="13" classes="1" ncloc="17" statements="6" conditionals="6" coveredstatements="6"/>
            <class name="OrientationRuleChecker">
               <metrics coveredelements="13" coveredconditionals="6" complexity="5" coveredmethods="1" methods="1" elements="13" statements="6" conditionals="6" coveredstatements="6"/>
            </class>
            <line complexity="5" visibility="protected" signature="checkMyRule(String,char) : String" num="12" count="55" type="method"/>
            <line num="13" count="55" type="stmt"/>
            <line falsecount="29" truecount="26" num="13" type="cond"/>
            <line num="14" count="26" type="stmt"/>
            <line falsecount="20" truecount="6" num="14" type="cond"/>
            <line num="15" count="6" type="stmt"/>
            <line num="19" count="29" type="stmt"/>
            <line falsecount="23" truecount="6" num="19" type="cond"/>
            <line num="20" count="6" type="stmt"/>
            <line num="23" count="43" type="stmt"/>
         </file>
         <file path="/Users/boyi/Desktop/Edu_Duke/651/ece651-sp20-bw224-battleship/battleship/src/main/java/edu/duke/bw224/battleship/Ship.java" name="Ship.java">
            <metrics coveredelements="0" coveredconditionals="0" complexity="0" loc="72" coveredmethods="0" methods="0" elements="0" classes="1" ncloc="11" statements="0" conditionals="0" coveredstatements="0"/>
            <class name="Ship">
               <metrics coveredelements="0" coveredconditionals="0" complexity="0" coveredmethods="0" methods="0" elements="0" statements="0" conditionals="0" coveredstatements="0"/>
            </class>
         </file>
         <file path="/Users/boyi/Desktop/Edu_Duke/651/ece651-sp20-bw224-battleship/battleship/src/main/java/edu/duke/bw224/battleship/BasicShip.java" name="BasicShip.java">
            <metrics coveredelements="33" coveredconditionals="4" complexity="11" loc="106" coveredmethods="9" methods="9" elements="33" classes="1" ncloc="56" statements="20" conditionals="4" coveredstatements="20"/>
            <class name="BasicShip">
               <metrics coveredelements="33" coveredconditionals="4" complexity="11" coveredmethods="9" methods="9" elements="33" statements="20" conditionals="4" coveredstatements="20"/>
            </class>
            <line complexity="1" visibility="public" signature="BasicShip(Coordinate,Iterable&lt;Coordinate&gt;,ShipDisplayInfo&lt;T&gt;,ShipDisplayInfo&lt;T&gt;)" num="16" count="84" type="method"/>
            <line num="17" count="84" type="stmt"/>
            <line num="18" count="84" type="stmt"/>
            <line num="19" count="295" type="stmt"/>
            <line num="21" count="84" type="stmt"/>
            <line num="22" count="84" type="stmt"/>
            <line num="23" count="84" type="stmt"/>
            <line complexity="1" visibility="public" signature="getCoordinates() : Iterable&lt;Coordinate&gt;" num="30" count="144" type="method"/>
            <line num="32" count="144" type="stmt"/>
            <line complexity="1" visibility="public" signature="getAnchor() : Coordinate" num="38" count="85" type="method"/>
            <line num="40" count="85" type="stmt"/>
            <line complexity="2" visibility="protected" signature="checkCoordinateInThisShip(Coordinate) : void" num="47" count="8447" type="method"/>
            <line num="48" count="8447" type="stmt"/>
            <line falsecount="8445" truecount="2" num="48" type="cond"/>
            <line num="49" count="2" type="stmt"/>
            <line complexity="1" visibility="public" signature="occupiesCoordinates(Coordinate) : boolean" num="58" count="223673" type="method"/>
            <line num="60" count="223673" type="stmt"/>
            <line complexity="1" visibility="public" signature="isSunk() : boolean" num="67" count="305" type="method"/>
            <line num="69" count="305" type="stmt"/>
            <line complexity="1" visibility="public" signature="recordHitAt(Coordinate) : void" num="76" count="109" type="method"/>
            <line num="78" count="109" type="stmt"/>
            <line num="79" count="107" type="stmt"/>
            <line complexity="1" visibility="public" signature="wasHitAt(Coordinate) : boolean" num="87" count="48" type="method"/>
            <line num="89" count="48" type="stmt"/>
            <line num="90" count="48" type="stmt"/>
            <line complexity="2" visibility="public" signature="getDisplayInfoAt(Coordinate,boolean) : T" num="97" count="8290" type="method"/>
            <line num="99" count="8290" type="stmt"/>
            <line num="100" count="8290" type="stmt"/>
            <line falsecount="95" truecount="8195" num="100" type="cond"/>
            <line num="101" count="8195" type="stmt"/>
            <line num="103" count="95" type="stmt"/>
         </file>
         <file path="/Users/boyi/Desktop/Edu_Duke/651/ece651-sp20-bw224-battleship/battleship/src/main/java/edu/duke/bw224/battleship/TShip.java" name="TShip.java">
            <metrics coveredelements="84" coveredconditionals="10" complexity="25" loc="186" coveredmethods="12" methods="12" elements="84" classes="1" ncloc="105" statements="62" conditionals="10" coveredstatements="62"/>
            <class name="TShip">
               <metrics coveredelements="84" coveredconditionals="10" complexity="25" coveredmethods="12" methods="12" elements="84" statements="62" conditionals="10" coveredstatements="62"/>
            </class>
            <line complexity="5" visibility="package" signature="setAnchor(Coordinate,char) : Coordinate" num="15" count="17" type="method"/>
            <line num="16" count="17" type="stmt"/>
            <line num="17" count="17" type="stmt"/>
            <line num="18" count="17" type="stmt"/>
            <line num="19" count="10" type="stmt"/>
            <line num="20" count="10" type="stmt"/>
            <line num="21" count="10" type="stmt"/>
            <line num="22" count="10" type="stmt"/>
            <line num="23" count="2" type="stmt"/>
            <line num="24" count="2" type="stmt"/>
            <line num="25" count="4" type="stmt"/>
            <line num="26" count="4" type="stmt"/>
            <line num="27" count="4" type="stmt"/>
            <line num="28" count="1" type="stmt"/>
            <line num="29" count="1" type="stmt"/>
            <line num="30" count="1" type="stmt"/>
            <line num="32" count="17" type="stmt"/>
            <line complexity="1" visibility="public" signature="TShip(String,Coordinate,int,char,ShipDisplayInfo&lt;T&gt;,ShipDisplayInfo&lt;T&gt;)" num="42" count="17" type="method"/>
            <line num="44" count="17" type="stmt"/>
            <line num="45" count="17" type="stmt"/>
            <line complexity="1" visibility="public" signature="TShip(String,Coordinate,int,char,T,T)" num="48" count="17" type="method"/>
            <line num="49" count="17" type="stmt"/>
            <line complexity="3" visibility="private" signature="makeRightOrLeftTShipHelper(int,HashSet&lt;Coordinate&gt;,int,int,int,int) : void" num="62" count="11" type="method"/>
            <line num="63" count="11" type="stmt"/>
            <line num="64" count="11" type="stmt"/>
            <line falsecount="11" truecount="37" num="64" type="cond"/>
            <line num="65" count="37" type="stmt"/>
            <line num="67" count="11" type="stmt"/>
            <line falsecount="11" truecount="28" num="67" type="cond"/>
            <line num="68" count="28" type="stmt"/>
            <line complexity="3" visibility="private" signature="makeUpOrDownTShipHelper(int,HashSet&lt;Coordinate&gt;,int,int,int,int) : void" num="81" count="18" type="method"/>
            <line num="82" count="18" type="stmt"/>
            <line falsecount="18" truecount="42" num="82" type="cond"/>
            <line num="83" count="42" type="stmt"/>
            <line num="85" count="18" type="stmt"/>
            <line num="86" count="18" type="stmt"/>
            <line falsecount="18" truecount="58" num="86" type="cond"/>
            <line num="87" count="58" type="stmt"/>
            <line complexity="1" visibility="package" signature="makeUpTShip(Coordinate,int,HashSet&lt;Coordinate&gt;) : void" num="97" count="13" type="method"/>
            <line num="98" count="13" type="stmt"/>
            <line num="99" count="13" type="stmt"/>
            <line num="100" count="13" type="stmt"/>
            <line complexity="1" visibility="package" signature="makeRightTShip(Coordinate,int,HashSet&lt;Coordinate&gt;) : void" num="109" count="7" type="method"/>
            <line num="110" count="7" type="stmt"/>
            <line num="111" count="7" type="stmt"/>
            <line num="112" count="7" type="stmt"/>
            <line complexity="1" visibility="package" signature="makeDownShip(Coordinate,int,HashSet&lt;Coordinate&gt;) : void" num="121" count="5" type="method"/>
            <line num="122" count="5" type="stmt"/>
            <line num="123" count="5" type="stmt"/>
            <line num="124" count="5" type="stmt"/>
            <line complexity="1" visibility="package" signature="makeLeftTShip(Coordinate,int,HashSet&lt;Coordinate&gt;) : void" num="133" count="4" type="method"/>
            <line num="134" count="4" type="stmt"/>
            <line num="135" count="4" type="stmt"/>
            <line num="136" count="4" type="stmt"/>
            <line complexity="6" visibility="package" signature="makeCoords(Coordinate,int,char) : HashSet&lt;Coordinate&gt;" num="146" count="31" type="method"/>
            <line num="147" count="31" type="stmt"/>
            <line num="148" count="31" type="stmt"/>
            <line falsecount="30" truecount="1" num="148" type="cond"/>
            <line num="149" count="1" type="stmt"/>
            <line num="151" count="30" type="stmt"/>
            <line num="152" count="13" type="stmt"/>
            <line num="153" count="13" type="stmt"/>
            <line num="154" count="13" type="stmt"/>
            <line num="155" count="4" type="stmt"/>
            <line num="156" count="4" type="stmt"/>
            <line num="157" count="4" type="stmt"/>
            <line num="158" count="7" type="stmt"/>
            <line num="159" count="7" type="stmt"/>
            <line num="160" count="7" type="stmt"/>
            <line num="161" count="5" type="stmt"/>
            <line num="162" count="5" type="stmt"/>
            <line num="163" count="5" type="stmt"/>
            <line num="164" count="1" type="stmt"/>
            <line num="165" count="1" type="stmt"/>
            <line num="167" count="29" type="stmt"/>
            <line complexity="1" visibility="public" signature="getName() : String" num="173" count="49" type="method"/>
            <line num="175" count="49" type="stmt"/>
            <line complexity="1" visibility="public" signature="toString() : String" num="178" count="1" type="method"/>
            <line num="180" count="1" type="stmt"/>
         </file>
         <file path="/Users/boyi/Desktop/Edu_Duke/651/ece651-sp20-bw224-battleship/battleship/src/main/java/edu/duke/bw224/battleship/NoCollisionRuleChecker.java" name="NoCollisionRuleChecker.java">
            <metrics coveredelements="9" coveredconditionals="2" complexity="3" loc="25" coveredmethods="2" methods="2" elements="9" classes="1" ncloc="16" statements="5" conditionals="2" coveredstatements="5"/>
            <class name="NoCollisionRuleChecker">
               <metrics coveredelements="9" coveredconditionals="2" complexity="3" coveredmethods="2" methods="2" elements="9" statements="5" conditionals="2" coveredstatements="5"/>
            </class>
            <line complexity="1" visibility="public" signature="NoCollisionRuleChecker(PlacementRuleChecker&lt;T&gt;)" num="6" count="35" type="method"/>
            <line num="7" count="35" type="stmt"/>
            <line complexity="2" visibility="protected" signature="checkMyRule(Ship&lt;T&gt;,Board&lt;T&gt;) : String" num="16" count="62" type="method"/>
            <line num="18" count="62" type="stmt"/>
            <line num="19" count="199" type="stmt"/>
            <line falsecount="194" truecount="5" num="19" type="cond"/>
            <line num="20" count="5" type="stmt"/>
            <line num="23" count="57" type="stmt"/>
         </file>
         <file path="/Users/boyi/Desktop/Edu_Duke/651/ece651-sp20-bw224-battleship/battleship/src/main/java/edu/duke/bw224/battleship/SimpleShipDisplayInfo.java" name="SimpleShipDisplayInfo.java">
            <metrics coveredelements="9" coveredconditionals="2" complexity="3" loc="23" coveredmethods="2" methods="2" elements="9" classes="1" ncloc="14" statements="5" conditionals="2" coveredstatements="5"/>
            <class name="SimpleShipDisplayInfo">
               <metrics coveredelements="9" coveredconditionals="2" complexity="3" coveredmethods="2" methods="2" elements="9" statements="5" conditionals="2" coveredstatements="5"/>
            </class>
            <line complexity="1" visibility="public" signature="SimpleShipDisplayInfo(T,T)" num="7" count="171" type="method"/>
            <line num="8" count="171" type="stmt"/>
            <line num="9" count="171" type="stmt"/>
            <line complexity="2" visibility="public" signature="getInfo(Coordinate,boolean) : T" num="18" count="8292" type="method"/>
            <line num="20" count="8292" type="stmt"/>
            <line num="20" count="3376" type="stmt"/>
            <line falsecount="4916" truecount="3376" num="20" type="cond"/>
            <line num="21" count="4916" type="stmt"/>
         </file>
         <file path="/Users/boyi/Desktop/Edu_Duke/651/ece651-sp20-bw224-battleship/battleship/src/main/java/edu/duke/bw224/battleship/AbstractShipFactory.java" name="AbstractShipFactory.java">
            <metrics coveredelements="0" coveredconditionals="0" complexity="0" loc="41" coveredmethods="0" methods="0" elements="0" classes="1" ncloc="7" statements="0" conditionals="0" coveredstatements="0"/>
            <class name="AbstractShipFactory">
               <metrics coveredelements="0" coveredconditionals="0" complexity="0" coveredmethods="0" methods="0" elements="0" statements="0" conditionals="0" coveredstatements="0"/>
            </class>
         </file>
         <file path="/Users/boyi/Desktop/Edu_Duke/651/ece651-sp20-bw224-battleship/battleship/src/main/java/edu/duke/bw224/battleship/InBoundsRuleChecker.java" name="InBoundsRuleChecker.java">
            <metrics coveredelements="24" coveredconditionals="8" complexity="7" loc="40" coveredmethods="2" methods="2" elements="24" classes="1" ncloc="31" statements="14" conditionals="8" coveredstatements="14"/>
            <class name="InBoundsRuleChecker">
               <metrics coveredelements="24" coveredconditionals="8" complexity="7" coveredmethods="2" methods="2" elements="24" statements="14" conditionals="8" coveredstatements="14"/>
            </class>
            <line complexity="1" visibility="public" signature="InBoundsRuleChecker(PlacementRuleChecker&lt;T&gt;)" num="10" count="35" type="method"/>
            <line num="11" count="35" type="stmt"/>
            <line complexity="6" visibility="protected" signature="checkMyRule(Ship&lt;T&gt;,Board&lt;T&gt;) : String" num="20" count="63" type="method"/>
            <line num="22" count="63" type="stmt"/>
            <line num="23" count="63" type="stmt"/>
            <line num="24" count="63" type="stmt"/>
            <line num="25" count="194" type="stmt"/>
            <line num="26" count="194" type="stmt"/>
            <line falsecount="185" truecount="9" num="26" type="cond"/>
            <line num="27" count="9" type="stmt"/>
            <line falsecount="8" truecount="1" num="27" type="cond"/>
            <line num="28" count="1" type="stmt"/>
            <line num="29" count="8" type="stmt"/>
            <line falsecount="2" truecount="6" num="29" type="cond"/>
            <line num="30" count="6" type="stmt"/>
            <line num="31" count="2" type="stmt"/>
            <line falsecount="1" truecount="1" num="31" type="cond"/>
            <line num="32" count="1" type="stmt"/>
            <line num="34" count="1" type="stmt"/>
            <line num="38" count="54" type="stmt"/>
         </file>
         <file path="/Users/boyi/Desktop/Edu_Duke/651/ece651-sp20-bw224-battleship/battleship/src/main/java/edu/duke/bw224/battleship/LoseChecker.java" name="LoseChecker.java">
            <metrics coveredelements="12" coveredconditionals="4" complexity="4" loc="28" coveredmethods="2" methods="2" elements="12" classes="1" ncloc="17" statements="6" conditionals="4" coveredstatements="6"/>
            <class name="LoseChecker">
               <metrics coveredelements="12" coveredconditionals="4" complexity="4" coveredmethods="2" methods="2" elements="12" statements="6" conditionals="4" coveredstatements="6"/>
            </class>
            <line complexity="1" visibility="public" signature="LoseChecker(LoseChecker&lt;T&gt;)" num="10" count="35" type="method"/>
            <line num="11" count="35" type="stmt"/>
            <line complexity="3" visibility="public" signature="checkLose(Board&lt;T&gt;) : boolean" num="16" count="101" type="method"/>
            <line num="18" count="101" type="stmt"/>
            <line falsecount="6" truecount="95" num="18" type="cond"/>
            <line num="19" count="95" type="stmt"/>
            <line num="22" count="6" type="stmt"/>
            <line falsecount="5" truecount="1" num="22" type="cond"/>
            <line num="23" count="1" type="stmt"/>
            <line num="26" count="5" type="stmt"/>
         </file>
         <file path="/Users/boyi/Desktop/Edu_Duke/651/ece651-sp20-bw224-battleship/battleship/src/main/java/edu/duke/bw224/battleship/PlacementRuleChecker.java" name="PlacementRuleChecker.java">
            <metrics coveredelements="13" coveredconditionals="4" complexity="4" loc="29" coveredmethods="2" methods="2" elements="13" classes="1" ncloc="18" statements="7" conditionals="4" coveredstatements="7"/>
            <class name="PlacementRuleChecker">
               <metrics coveredelements="13" coveredconditionals="4" complexity="4" coveredmethods="2" methods="2" elements="13" statements="7" conditionals="4" coveredstatements="7"/>
            </class>
            <line complexity="1" visibility="public" signature="PlacementRuleChecker(PlacementRuleChecker&lt;T&gt;)" num="10" count="70" type="method"/>
            <line num="11" count="70" type="stmt"/>
            <line complexity="3" visibility="public" signature="checkPlacement(Ship&lt;T&gt;,Board&lt;T&gt;) : String" num="16" count="123" type="method"/>
            <line num="18" count="123" type="stmt"/>
            <line num="19" count="123" type="stmt"/>
            <line falsecount="111" truecount="12" num="19" type="cond"/>
            <line num="20" count="12" type="stmt"/>
            <line num="23" count="111" type="stmt"/>
            <line falsecount="55" truecount="56" num="23" type="cond"/>
            <line num="24" count="56" type="stmt"/>
            <line num="27" count="55" type="stmt"/>
         </file>
         <file path="/Users/boyi/Desktop/Edu_Duke/651/ece651-sp20-bw224-battleship/battleship/src/main/java/edu/duke/bw224/battleship/App.java" name="App.java">
            <metrics coveredelements="33" coveredconditionals="3" complexity="7" loc="57" coveredmethods="5" methods="5" elements="36" classes="1" ncloc="45" statements="27" conditionals="4" coveredstatements="25"/>
            <class name="App">
               <metrics coveredelements="33" coveredconditionals="3" complexity="7" coveredmethods="5" methods="5" elements="36" statements="27" conditionals="4" coveredstatements="25"/>
            </class>
            <line complexity="1" visibility="public" signature="App(TextPlayer,TextPlayer)" num="11" count="1" type="method"/>
            <line num="13" count="1" type="stmt"/>
            <line num="14" count="1" type="stmt"/>
            <line complexity="1" visibility="public" signature="doPlacementPhase() : void" num="18" count="1" type="method"/>
            <line num="19" count="1" type="stmt"/>
            <line num="20" count="1" type="stmt"/>
            <line complexity="1" visibility="private" signature="printWinMsg(TextPlayer,String) : void" num="23" count="1" type="method"/>
            <line num="24" count="1" type="stmt"/>
            <line num="25" count="1" type="stmt"/>
            <line num="26" count="1" type="stmt"/>
            <line complexity="3" visibility="public" signature="doAttackingPhase() : void" num="28" count="1" type="method"/>
            <line num="29" count="1" type="stmt"/>
            <line num="30" count="1" type="stmt"/>
            <line num="31" count="1" type="stmt"/>
            <line num="32" count="47" type="stmt"/>
            <line num="33" count="47" type="stmt"/>
            <line falsecount="46" truecount="1" num="33" type="cond"/>
            <line num="34" count="1" type="stmt"/>
            <line num="35" count="1" type="stmt"/>
            <line num="37" count="46" type="stmt"/>
            <line num="38" count="46" type="stmt"/>
            <line falsecount="46" truecount="0" num="38" type="cond"/>
            <line num="39" count="0" type="stmt"/>
            <line num="40" count="0" type="stmt"/>
            <line complexity="1" visibility="public" signature="main(String[]) : void" num="46" count="1" type="method"/>
            <line num="47" count="1" type="stmt"/>
            <line num="48" count="1" type="stmt"/>
            <line num="49" count="1" type="stmt"/>
            <line num="50" count="1" type="stmt"/>
            <line num="51" count="1" type="stmt"/>
            <line num="52" count="1" type="stmt"/>
            <line num="53" count="1" type="stmt"/>
            <line num="54" count="1" type="stmt"/>
            <line num="55" count="1" type="stmt"/>
         </file>
         <file path="/Users/boyi/Desktop/Edu_Duke/651/ece651-sp20-bw224-battleship/battleship/src/main/java/edu/duke/bw224/battleship/V1ShipFactory.java" name="V1ShipFactory.java">
            <metrics coveredelements="14" coveredconditionals="2" complexity="6" loc="47" coveredmethods="5" methods="5" elements="14" classes="1" ncloc="25" statements="7" conditionals="2" coveredstatements="7"/>
            <class name="V1ShipFactory">
               <metrics coveredelements="14" coveredconditionals="2" complexity="6" coveredmethods="5" methods="5" elements="14" statements="7" conditionals="2" coveredstatements="7"/>
            </class>
            <line complexity="2" visibility="protected" signature="createShip(Placement,int,int,char,String) : Ship&lt;Character&gt;" num="5" count="46" type="method"/>
            <line num="6" count="46" type="stmt"/>
            <line falsecount="26" truecount="20" num="6" type="cond"/>
            <line num="7" count="20" type="stmt"/>
            <line num="9" count="26" type="stmt"/>
            <line complexity="1" visibility="public" signature="makeSubmarine(Placement) : Ship&lt;Character&gt;" num="16" count="20" type="method"/>
            <line num="18" count="20" type="stmt"/>
            <line complexity="1" visibility="public" signature="makeBattleship(Placement) : Ship&lt;Character&gt;" num="25" count="8" type="method"/>
            <line num="27" count="8" type="stmt"/>
            <line complexity="1" visibility="public" signature="makeCarrier(Placement) : Ship&lt;Character&gt;" num="34" count="1" type="method"/>
            <line num="36" count="1" type="stmt"/>
            <line complexity="1" visibility="public" signature="makeDestroyer(Placement) : Ship&lt;Character&gt;" num="43" count="17" type="method"/>
            <line num="45" count="17" type="stmt"/>
         </file>
         <file path="/Users/boyi/Desktop/Edu_Duke/651/ece651-sp20-bw224-battleship/battleship/src/main/java/edu/duke/bw224/battleship/AllSunkLoseCheck.java" name="AllSunkLoseCheck.java">
            <metrics coveredelements="9" coveredconditionals="2" complexity="3" loc="22" coveredmethods="2" methods="2" elements="9" classes="1" ncloc="15" statements="5" conditionals="2" coveredstatements="5"/>
            <class name="AllSunkLoseCheck">
               <metrics coveredelements="9" coveredconditionals="2" complexity="3" coveredmethods="2" methods="2" elements="9" statements="5" conditionals="2" coveredstatements="5"/>
            </class>
            <line complexity="1" visibility="public" signature="AllSunkLoseCheck(LoseChecker&lt;T&gt;)" num="5" count="35" type="method"/>
            <line num="6" count="35" type="stmt"/>
            <line complexity="2" visibility="protected" signature="checkMyRule(Board&lt;T&gt;) : boolean" num="13" count="101" type="method"/>
            <line num="15" count="101" type="stmt"/>
            <line num="16" count="297" type="stmt"/>
            <line falsecount="202" truecount="95" num="16" type="cond"/>
            <line num="17" count="95" type="stmt"/>
            <line num="20" count="6" type="stmt"/>
         </file>
         <file path="/Users/boyi/Desktop/Edu_Duke/651/ece651-sp20-bw224-battleship/battleship/src/main/java/edu/duke/bw224/battleship/Board.java" name="Board.java">
            <metrics coveredelements="0" coveredconditionals="0" complexity="0" loc="73" coveredmethods="0" methods="0" elements="0" classes="1" ncloc="16" statements="0" conditionals="0" coveredstatements="0"/>
            <class name="Board">
               <metrics coveredelements="0" coveredconditionals="0" complexity="0" coveredmethods="0" methods="0" elements="0" statements="0" conditionals="0" coveredstatements="0"/>
            </class>
         </file>
         <file path="/Users/boyi/Desktop/Edu_Duke/651/ece651-sp20-bw224-battleship/battleship/src/main/java/edu/duke/bw224/battleship/TextPlayer.java" name="TextPlayer.java">
            <metrics coveredelements="158" coveredconditionals="23" complexity="34" loc="295" coveredmethods="15" methods="15" elements="170" classes="1" ncloc="232" statements="129" conditionals="26" coveredstatements="120"/>
            <class name="TextPlayer">
               <metrics coveredelements="158" coveredconditionals="23" complexity="34" coveredmethods="15" methods="15" elements="170" statements="129" conditionals="26" coveredstatements="120"/>
            </class>
            <line complexity="1" visibility="public" signature="TextPlayer(String,Board&lt;Character&gt;,BufferedReader,PrintStream,AbstractShipFactory&lt;Character&gt;)" num="26" count="9" type="method"/>
            <line num="27" count="9" type="stmt"/>
            <line num="28" count="9" type="stmt"/>
            <line num="29" count="9" type="stmt"/>
            <line num="30" count="9" type="stmt"/>
            <line num="31" count="9" type="stmt"/>
            <line num="32" count="9" type="stmt"/>
            <line num="33" count="9" type="stmt"/>
            <line num="34" count="9" type="stmt"/>
            <line num="35" count="9" type="stmt"/>
            <line num="36" count="9" type="stmt"/>
            <line num="37" count="9" type="stmt"/>
            <line num="38" count="9" type="stmt"/>
            <line complexity="1" visibility="protected" signature="setupShipCreationMap() : void" num="41" count="9" type="method"/>
            <line num="42" count="9" type="stmt"/>
            <line num="43" count="9" type="stmt"/>
            <line num="44" count="9" type="stmt"/>
            <line num="45" count="9" type="stmt"/>
            <line complexity="1" visibility="protected" signature="setupShipCreationList() : void" num="48" count="9" type="method"/>
            <line num="49" count="9" type="stmt"/>
            <line num="50" count="9" type="stmt"/>
            <line num="51" count="9" type="stmt"/>
            <line num="52" count="9" type="stmt"/>
            <line complexity="1" visibility="public" signature="getMoveActionRemaining() : int" num="55" count="2" type="method"/>
            <line num="56" count="2" type="stmt"/>
            <line complexity="1" visibility="public" signature="getSonarActionRemaining() : int" num="59" count="2" type="method"/>
            <line num="60" count="2" type="stmt"/>
            <line complexity="2" visibility="public" signature="readPlacement(String) : Placement" num="69" count="45" type="method"/>
            <line num="70" count="45" type="stmt"/>
            <line num="71" count="45" type="stmt"/>
            <line num="72" count="45" type="stmt"/>
            <line num="73" count="45" type="stmt"/>
            <line num="74" count="45" type="stmt"/>
            <line num="76" count="7" type="stmt"/>
            <line num="77" count="7" type="stmt"/>
            <line num="79" count="38" type="stmt"/>
            <line complexity="2" visibility="public" signature="readCoordinate(String) : Coordinate" num="89" count="114" type="method"/>
            <line num="90" count="114" type="stmt"/>
            <line num="91" count="114" type="stmt"/>
            <line num="92" count="114" type="stmt"/>
            <line num="93" count="114" type="stmt"/>
            <line num="94" count="114" type="stmt"/>
            <line num="96" count="2" type="stmt"/>
            <line num="97" count="2" type="stmt"/>
            <line num="99" count="112" type="stmt"/>
            <line complexity="3" visibility="public" signature="readActionChoice(String) : Character" num="109" count="112" type="method"/>
            <line num="110" count="112" type="stmt"/>
            <line num="111" count="112" type="stmt"/>
            <line num="112" count="112" type="stmt"/>
            <line falsecount="98" truecount="14" num="112" type="cond"/>
            <line num="113" count="14" type="stmt"/>
            <line num="114" count="14" type="stmt"/>
            <line num="116" count="98" type="stmt"/>
            <line complexity="3" visibility="public" signature="doOnePlacement(String,Function&lt;Placement, Ship&lt;Character&gt;&gt;) : void" num="125" count="28" type="method"/>
            <line num="126" count="28" type="stmt"/>
            <line num="127" count="28" type="stmt"/>
            <line num="128" count="28" type="stmt"/>
            <line num="129" count="28" type="stmt"/>
            <line falsecount="26" truecount="2" num="129" type="cond"/>
            <line num="130" count="2" type="stmt"/>
            <line num="131" count="2" type="stmt"/>
            <line num="132" count="2" type="stmt"/>
            <line num="134" count="26" type="stmt"/>
            <line num="135" count="26" type="stmt"/>
            <line num="136" count="26" type="stmt"/>
            <line falsecount="24" truecount="2" num="136" type="cond"/>
            <line num="137" count="2" type="stmt"/>
            <line num="138" count="2" type="stmt"/>
            <line num="141" count="24" type="stmt"/>
            <line complexity="1" visibility="public" signature="doPlacementPhase() : void" num="149" count="2" type="method"/>
            <line num="151" count="2" type="stmt"/>
            <line num="152" count="2" type="stmt"/>
            <line num="165" count="2" type="stmt"/>
            <line num="167" count="2" type="stmt"/>
            <line num="168" count="20" type="stmt"/>
            <line complexity="6" visibility="public" signature="doOneFire(TextPlayer) : void" num="172" count="104" type="method"/>
            <line num="173" count="104" type="stmt"/>
            <line num="174" count="104" type="stmt"/>
            <line num="175" count="104" type="stmt"/>
            <line num="177" count="104" type="stmt"/>
            <line num="178" count="104" type="stmt"/>
            <line falsecount="86" truecount="18" num="178" type="cond"/>
            <line num="179" count="18" type="stmt"/>
            <line falsecount="16" truecount="2" num="179" type="cond"/>
            <line num="180" count="2" type="stmt"/>
            <line falsecount="1" truecount="1" num="180" type="cond"/>
            <line num="181" count="1" type="stmt"/>
            <line num="183" count="1" type="stmt"/>
            <line num="184" count="1" type="stmt"/>
            <line num="185" count="1" type="stmt"/>
            <line num="189" count="16" type="stmt"/>
            <line falsecount="3" truecount="13" num="189" type="cond"/>
            <line num="190" count="13" type="stmt"/>
            <line num="192" count="3" type="stmt"/>
            <line num="193" count="3" type="stmt"/>
            <line num="194" count="3" type="stmt"/>
            <line num="197" count="14" type="stmt"/>
            <line num="201" count="86" type="stmt"/>
            <line num="202" count="86" type="stmt"/>
            <line falsecount="80" truecount="6" num="202" type="cond"/>
            <line num="203" count="6" type="stmt"/>
            <line num="206" count="80" type="stmt"/>
            <line complexity="4" visibility="public" signature="doOneMove(TextPlayer) : void" num="212" count="7" type="method"/>
            <line num="213" count="7" type="stmt"/>
            <line num="214" count="7" type="stmt"/>
            <line num="215" count="7" type="stmt"/>
            <line num="216" count="7" type="stmt"/>
            <line falsecount="7" truecount="0" num="216" type="cond"/>
            <line num="217" count="0" type="stmt"/>
            <line num="218" count="0" type="stmt"/>
            <line num="219" count="0" type="stmt"/>
            <line num="221" count="7" type="stmt"/>
            <line num="223" count="7" type="stmt"/>
            <line num="224" count="7" type="stmt"/>
            <line num="225" count="7" type="stmt"/>
            <line falsecount="7" truecount="0" num="225" type="cond"/>
            <line num="226" count="0" type="stmt"/>
            <line num="227" count="0" type="stmt"/>
            <line num="228" count="0" type="stmt"/>
            <line num="230" count="7" type="stmt"/>
            <line num="231" count="7" type="stmt"/>
            <line falsecount="6" truecount="1" num="231" type="cond"/>
            <line num="232" count="1" type="stmt"/>
            <line num="233" count="1" type="stmt"/>
            <line num="234" count="1" type="stmt"/>
            <line num="236" count="6" type="stmt"/>
            <line num="237" count="6" type="stmt"/>
            <line complexity="1" visibility="public" signature="doOneSonar() : void" num="241" count="1" type="method"/>
            <line num="242" count="1" type="stmt"/>
            <line complexity="6" visibility="public" signature="playOneTurn(TextPlayer) : void" num="250" count="94" type="method"/>
            <line num="251" count="94" type="stmt"/>
            <line num="259" count="94" type="stmt"/>
            <line num="260" count="94" type="stmt"/>
            <line num="261" count="87" type="stmt"/>
            <line num="262" count="87" type="stmt"/>
            <line num="263" count="87" type="stmt"/>
            <line num="264" count="7" type="stmt"/>
            <line num="265" count="7" type="stmt"/>
            <line falsecount="1" truecount="6" num="265" type="cond"/>
            <line num="266" count="6" type="stmt"/>
            <line num="267" count="6" type="stmt"/>
            <line num="270" count="1" type="stmt"/>
            <line num="271" count="1" type="stmt"/>
            <line num="273" count="0" type="stmt"/>
            <line num="274" count="1" type="stmt"/>
            <line falsecount="0" truecount="1" num="274" type="cond"/>
            <line num="275" count="1" type="stmt"/>
            <line num="276" count="1" type="stmt"/>
            <line num="277" count="1" type="stmt"/>
            <line num="280" count="0" type="stmt"/>
            <line num="281" count="0" type="stmt"/>
            <line complexity="1" visibility="public" signature="doAttackingPhase(TextPlayer) : void" num="288" count="93" type="method"/>
            <line num="289" count="93" type="stmt"/>
            <line num="290" count="93" type="stmt"/>
            <line num="291" count="93" type="stmt"/>
            <line num="292" count="93" type="stmt"/>
            <line num="293" count="93" type="stmt"/>
         </file>
         <file path="/Users/boyi/Desktop/Edu_Duke/651/ece651-sp20-bw224-battleship/battleship/src/main/java/edu/duke/bw224/battleship/ZShip.java" name="ZShip.java">
            <metrics coveredelements="80" coveredconditionals="12" complexity="22" loc="142" coveredmethods="8" methods="8" elements="80" classes="1" ncloc="100" statements="60" conditionals="12" coveredstatements="60"/>
            <class name="ZShip">
               <metrics coveredelements="80" coveredconditionals="12" complexity="22" coveredmethods="8" methods="8" elements="80" statements="60" conditionals="12" coveredstatements="60"/>
            </class>
            <line complexity="5" visibility="package" signature="setAnchor(Coordinate,char) : Coordinate" num="14" count="11" type="method"/>
            <line num="15" count="11" type="stmt"/>
            <line num="16" count="11" type="stmt"/>
            <line num="17" count="11" type="stmt"/>
            <line num="18" count="3" type="stmt"/>
            <line num="19" count="3" type="stmt"/>
            <line num="20" count="3" type="stmt"/>
            <line num="21" count="3" type="stmt"/>
            <line num="22" count="3" type="stmt"/>
            <line num="23" count="3" type="stmt"/>
            <line num="24" count="1" type="stmt"/>
            <line num="25" count="1" type="stmt"/>
            <line num="26" count="1" type="stmt"/>
            <line num="27" count="4" type="stmt"/>
            <line num="28" count="4" type="stmt"/>
            <line num="29" count="4" type="stmt"/>
            <line num="31" count="11" type="stmt"/>
            <line complexity="1" visibility="public" signature="ZShip(String,Coordinate,char,ShipDisplayInfo&lt;T&gt;,ShipDisplayInfo&lt;T&gt;)" num="41" count="11" type="method"/>
            <line num="43" count="11" type="stmt"/>
            <line num="44" count="11" type="stmt"/>
            <line complexity="1" visibility="public" signature="ZShip(String,Coordinate,char,T,T)" num="47" count="11" type="method"/>
            <line num="48" count="11" type="stmt"/>
            <line complexity="4" visibility="package" signature="makeUpOrDownTShip(Coordinate,HashSet&lt;Coordinate&gt;,boolean) : void" num="57" count="8" type="method"/>
            <line num="58" count="8" type="stmt"/>
            <line num="59" count="8" type="stmt"/>
            <line num="60" count="8" type="stmt"/>
            <line falsecount="4" truecount="4" num="60" type="cond"/>
            <line num="61" count="4" type="stmt"/>
            <line num="62" count="4" type="stmt"/>
            <line num="65" count="4" type="stmt"/>
            <line num="66" count="4" type="stmt"/>
            <line num="68" count="8" type="stmt"/>
            <line falsecount="8" truecount="28" num="68" type="cond"/>
            <line num="69" count="28" type="stmt"/>
            <line num="71" count="8" type="stmt"/>
            <line falsecount="8" truecount="28" num="71" type="cond"/>
            <line num="72" count="28" type="stmt"/>
            <line complexity="4" visibility="package" signature="makeRightOrLeftTShip(Coordinate,HashSet&lt;Coordinate&gt;,boolean) : void" num="82" count="7" type="method"/>
            <line num="83" count="7" type="stmt"/>
            <line num="84" count="7" type="stmt"/>
            <line num="85" count="7" type="stmt"/>
            <line falsecount="2" truecount="5" num="85" type="cond"/>
            <line num="86" count="5" type="stmt"/>
            <line num="87" count="5" type="stmt"/>
            <line num="90" count="2" type="stmt"/>
            <line num="91" count="2" type="stmt"/>
            <line num="93" count="7" type="stmt"/>
            <line falsecount="7" truecount="26" num="93" type="cond"/>
            <line num="94" count="26" type="stmt"/>
            <line num="96" count="7" type="stmt"/>
            <line falsecount="7" truecount="23" num="96" type="cond"/>
            <line num="97" count="23" type="stmt"/>
            <line complexity="5" visibility="package" signature="makeCoords(Coordinate,char) : HashSet&lt;Coordinate&gt;" num="106" count="16" type="method"/>
            <line num="107" count="16" type="stmt"/>
            <line num="108" count="16" type="stmt"/>
            <line num="109" count="4" type="stmt"/>
            <line num="110" count="4" type="stmt"/>
            <line num="111" count="4" type="stmt"/>
            <line num="112" count="2" type="stmt"/>
            <line num="113" count="2" type="stmt"/>
            <line num="114" count="2" type="stmt"/>
            <line num="115" count="5" type="stmt"/>
            <line num="116" count="5" type="stmt"/>
            <line num="117" count="5" type="stmt"/>
            <line num="118" count="4" type="stmt"/>
            <line num="119" count="4" type="stmt"/>
            <line num="120" count="4" type="stmt"/>
            <line num="121" count="1" type="stmt"/>
            <line num="122" count="1" type="stmt"/>
            <line num="124" count="15" type="stmt"/>
            <line complexity="1" visibility="public" signature="getName() : String" num="130" count="47" type="method"/>
            <line num="132" count="47" type="stmt"/>
            <line complexity="1" visibility="public" signature="toString() : String" num="135" count="1" type="method"/>
            <line num="137" count="1" type="stmt"/>
         </file>
         <file path="/Users/boyi/Desktop/Edu_Duke/651/ece651-sp20-bw224-battleship/battleship/src/test/java/edu/duke/bw224/battleship/V1ShipFactoryTest.java" name="V1ShipFactoryTest.java">
            <metrics coveredelements="17" coveredconditionals="0" complexity="2" loc="39" coveredmethods="2" methods="2" elements="17" classes="1" ncloc="30" statements="15" conditionals="0" coveredstatements="15"/>
            <class name="V1ShipFactoryTest">
               <metrics coveredelements="17" coveredconditionals="0" complexity="2" coveredmethods="2" methods="2" elements="17" statements="15" conditionals="0" coveredstatements="15"/>
            </class>
            <line complexity="1" visibility="private" signature="checkShip(Ship&lt;Character&gt;,String,char,Coordinate) : void" num="9" count="4" type="method"/>
            <line num="10" count="4" type="stmt"/>
            <line num="11" count="4" type="stmt"/>
            <line num="12" count="15" type="stmt"/>
            <line num="13" count="15" type="stmt"/>
            <line complexity="1" visibility="package" signature="test_ship_factory() : void" num="17" count="1" type="method"/>
            <line num="19" count="1" type="stmt"/>
            <line num="20" count="1" type="stmt"/>
            <line num="21" count="1" type="stmt"/>
            <line num="22" count="1" type="stmt"/>
            <line num="23" count="1" type="stmt"/>
            <line num="25" count="1" type="stmt"/>
            <line num="26" count="1" type="stmt"/>
            <line num="29" count="1" type="stmt"/>
            <line num="30" count="1" type="stmt"/>
            <line num="33" count="1" type="stmt"/>
            <line num="34" count="1" type="stmt"/>
         </file>
         <file path="/Users/boyi/Desktop/Edu_Duke/651/ece651-sp20-bw224-battleship/battleship/src/test/java/edu/duke/bw224/battleship/TextPlayerTest.java" name="TextPlayerTest.java">
            <metrics coveredelements="106" coveredconditionals="10" complexity="16" loc="226" coveredmethods="10" methods="11" elements="125" classes="1" ncloc="187" statements="104" conditionals="10" coveredstatements="86"/>
            <class name="TextPlayerTest">
               <metrics coveredelements="106" coveredconditionals="10" complexity="16" coveredmethods="10" methods="11" elements="125" statements="104" conditionals="10" coveredstatements="86"/>
            </class>
            <line complexity="1" visibility="private" signature="createTestPlayer(int,int,String,OutputStream) : TextPlayer" num="38" count="7" type="method"/>
            <line num="39" count="7" type="stmt"/>
            <line num="40" count="7" type="stmt"/>
            <line num="41" count="7" type="stmt"/>
            <line num="42" count="7" type="stmt"/>
            <line complexity="1" visibility="package" signature="test_text_player_creation() : void" num="45" count="1" type="method"/>
            <line num="47" count="1" type="stmt"/>
            <line num="48" count="1" type="stmt"/>
            <line num="49" count="1" type="stmt"/>
            <line num="50" count="1" type="stmt"/>
            <line complexity="1" visibility="package" signature="test_read_placement() : void" num="53" count="1" type="method"/>
            <line num="55" count="1" type="stmt"/>
            <line num="56" count="1" type="stmt"/>
            <line num="57" count="1" type="stmt"/>
            <line num="58" count="1" type="stmt"/>
            <line num="59" count="1" type="stmt"/>
            <line num="60" count="1" type="stmt"/>
            <line num="61" count="1" type="stmt"/>
            <line num="63" count="1" type="stmt"/>
            <line num="64" count="3" type="stmt"/>
            <line num="65" count="3" type="stmt"/>
            <line num="66" count="3" type="stmt"/>
            <line num="67" count="3" type="stmt"/>
            <line complexity="1" visibility="package" signature="test_read_coordinate() : void" num="71" count="1" type="method"/>
            <line num="73" count="1" type="stmt"/>
            <line num="74" count="1" type="stmt"/>
            <line num="75" count="1" type="stmt"/>
            <line num="76" count="1" type="stmt"/>
            <line num="77" count="1" type="stmt"/>
            <line num="78" count="1" type="stmt"/>
            <line num="79" count="1" type="stmt"/>
            <line complexity="4" visibility="package" signature="test_read_action_choice() : void" num="82" count="1" type="method"/>
            <line num="84" count="1" type="stmt"/>
            <line num="85" count="1" type="stmt"/>
            <line num="86" count="1" type="stmt"/>
            <line num="87" count="1" type="stmt"/>
            <line num="88" count="1" type="stmt"/>
            <line num="96" count="1" type="stmt"/>
            <line num="97" count="1" type="stmt"/>
            <line falsecount="1" truecount="8" num="97" type="cond"/>
            <line num="99" count="8" type="stmt"/>
            <line falsecount="5" truecount="3" num="99" type="cond"/>
            <line num="100" count="3" type="stmt"/>
            <line num="101" count="3" type="stmt"/>
            <line num="102" count="3" type="stmt"/>
            <line num="105" count="5" type="stmt"/>
            <line falsecount="1" truecount="4" num="105" type="cond"/>
            <line num="107" count="4" type="stmt"/>
            <line num="108" count="4" type="stmt"/>
            <line num="111" count="1" type="stmt"/>
            <line num="112" count="1" type="stmt"/>
            <line num="113" count="1" type="stmt"/>
            <line num="114" count="1" type="stmt"/>
            <line complexity="3" visibility="private" signature="getExpectBody(String,String) : String" num="126" count="4" type="method"/>
            <line num="127" count="4" type="stmt"/>
            <line num="128" count="4" type="stmt"/>
            <line num="129" count="4" type="stmt"/>
            <line num="130" count="4" type="stmt"/>
            <line falsecount="4" truecount="12" num="130" type="cond"/>
            <line num="131" count="12" type="stmt"/>
            <line falsecount="6" truecount="6" num="131" type="cond"/>
            <line num="133" count="6" type="stmt"/>
            <line num="136" count="6" type="stmt"/>
            <line num="138" count="12" type="stmt"/>
            <line num="141" count="4" type="stmt"/>
            <line complexity="1" visibility="private" signature="doOnePlacementHelper(String) : void" num="144" count="1" type="method"/>
            <line num="145" count="1" type="stmt"/>
            <line num="146" count="1" type="stmt"/>
            <line num="147" count="1" type="stmt"/>
            <line num="148" count="1" type="stmt"/>
            <line num="149" count="1" type="stmt"/>
            <line num="150" count="1" type="stmt"/>
            <line num="152" count="1" type="stmt"/>
            <line num="153" count="4" type="stmt"/>
            <line num="154" count="4" type="stmt"/>
            <line num="155" count="4" type="stmt"/>
            <line num="156" count="4" type="stmt"/>
            <line complexity="1" visibility="package" signature="test_do_one_placement() : void" num="159" count="1" type="method"/>
            <line num="161" count="1" type="stmt"/>
            <line num="162" count="1" type="stmt"/>
            <line complexity="1" visibility="private" signature="doOneFireHelper(TextPlayer,TextPlayer,String,ByteArrayOutputStream) : void" num="165" count="3" type="method"/>
            <line num="166" count="3" type="stmt"/>
            <line num="167" count="3" type="stmt"/>
            <line num="168" count="3" type="stmt"/>
            <line complexity="1" visibility="package" signature="test_do_one_fire() : void" num="171" count="1" type="method"/>
            <line num="173" count="1" type="stmt"/>
            <line num="175" count="1" type="stmt"/>
            <line num="176" count="1" type="stmt"/>
            <line num="177" count="1" type="stmt"/>
            <line num="178" count="1" type="stmt"/>
            <line num="179" count="1" type="stmt"/>
            <line num="180" count="1" type="stmt"/>
            <line num="181" count="1" type="stmt"/>
            <line num="182" count="1" type="stmt"/>
            <line num="184" count="1" type="stmt"/>
            <line num="185" count="1" type="stmt"/>
            <line num="186" count="1" type="stmt"/>
            <line num="188" count="1" type="stmt"/>
            <line num="189" count="1" type="stmt"/>
            <line num="191" count="1" type="stmt"/>
            <line num="192" count="1" type="stmt"/>
            <line complexity="1" visibility="package" signature="test_play_one_turn() : void" num="195" count="0" type="method"/>
            <line num="198" count="0" type="stmt"/>
            <line num="199" count="0" type="stmt"/>
            <line num="202" count="0" type="stmt"/>
            <line num="203" count="0" type="stmt"/>
            <line num="204" count="0" type="stmt"/>
            <line num="212" count="0" type="stmt"/>
            <line num="213" count="0" type="stmt"/>
            <line num="214" count="0" type="stmt"/>
            <line num="215" count="0" type="stmt"/>
            <line num="216" count="0" type="stmt"/>
            <line num="217" count="0" type="stmt"/>
            <line num="218" count="0" type="stmt"/>
            <line num="219" count="0" type="stmt"/>
            <line num="220" count="0" type="stmt"/>
            <line num="221" count="0" type="stmt"/>
            <line num="222" count="0" type="stmt"/>
            <line num="223" count="0" type="stmt"/>
            <line num="224" count="0" type="stmt"/>
         </file>
         <file path="/Users/boyi/Desktop/Edu_Duke/651/ece651-sp20-bw224-battleship/battleship/src/test/java/edu/duke/bw224/battleship/InBoundsRuleCheckerTest.java" name="InBoundsRuleCheckerTest.java">
            <metrics coveredelements="25" coveredconditionals="0" complexity="1" loc="43" coveredmethods="1" methods="1" elements="25" classes="1" ncloc="31" statements="24" conditionals="0" coveredstatements="24"/>
            <class name="InBoundsRuleCheckerTest">
               <metrics coveredelements="25" coveredconditionals="0" complexity="1" coveredmethods="1" methods="1" elements="25" statements="24" conditionals="0" coveredstatements="24"/>
            </class>
            <line complexity="1" visibility="package" signature="test_in_bound_rule() : void" num="9" count="1" type="method"/>
            <line num="11" count="1" type="stmt"/>
            <line num="12" count="1" type="stmt"/>
            <line num="13" count="1" type="stmt"/>
            <line num="15" count="1" type="stmt"/>
            <line num="16" count="1" type="stmt"/>
            <line num="17" count="1" type="stmt"/>
            <line num="19" count="1" type="stmt"/>
            <line num="20" count="1" type="stmt"/>
            <line num="21" count="1" type="stmt"/>
            <line num="23" count="1" type="stmt"/>
            <line num="24" count="1" type="stmt"/>
            <line num="25" count="1" type="stmt"/>
            <line num="27" count="1" type="stmt"/>
            <line num="28" count="1" type="stmt"/>
            <line num="29" count="1" type="stmt"/>
            <line num="31" count="1" type="stmt"/>
            <line num="32" count="1" type="stmt"/>
            <line num="33" count="1" type="stmt"/>
            <line num="35" count="1" type="stmt"/>
            <line num="36" count="1" type="stmt"/>
            <line num="37" count="1" type="stmt"/>
            <line num="39" count="1" type="stmt"/>
            <line num="40" count="1" type="stmt"/>
            <line num="41" count="1" type="stmt"/>
         </file>
         <file path="/Users/boyi/Desktop/Edu_Duke/651/ece651-sp20-bw224-battleship/battleship/src/test/java/edu/duke/bw224/battleship/BoardTextViewTest.java" name="BoardTextViewTest.java">
            <metrics coveredelements="62" coveredconditionals="0" complexity="9" loc="140" coveredmethods="9" methods="9" elements="62" classes="1" ncloc="114" statements="53" conditionals="0" coveredstatements="53"/>
            <class name="BoardTextViewTest">
               <metrics coveredelements="62" coveredconditionals="0" complexity="9" coveredmethods="9" methods="9" elements="62" statements="53" conditionals="0" coveredstatements="53"/>
            </class>
            <line complexity="1" visibility="private" signature="emptyBoardHelper(int,int,String,String) : void" num="18" count="3" type="method"/>
            <line num="19" count="3" type="stmt"/>
            <line num="20" count="3" type="stmt"/>
            <line num="21" count="3" type="stmt"/>
            <line num="22" count="3" type="stmt"/>
            <line num="23" count="3" type="stmt"/>
            <line complexity="1" visibility="package" signature="test_display_empty_2by2() : void" num="26" count="1" type="method"/>
            <line num="28" count="1" type="stmt"/>
            <line num="29" count="1" type="stmt"/>
            <line num="32" count="1" type="stmt"/>
            <line complexity="1" visibility="public" signature="test_display_empty_3by2() : void" num="35" count="1" type="method"/>
            <line num="37" count="1" type="stmt"/>
            <line num="38" count="1" type="stmt"/>
            <line num="41" count="1" type="stmt"/>
            <line complexity="1" visibility="public" signature="test_display_empty_3by5() : void" num="44" count="1" type="method"/>
            <line num="46" count="1" type="stmt"/>
            <line num="47" count="1" type="stmt"/>
            <line num="53" count="1" type="stmt"/>
            <line complexity="1" visibility="private" signature="addShipToBoard(Board&lt;Character&gt;,String) : void" num="57" count="2" type="method"/>
            <line num="58" count="2" type="stmt"/>
            <line num="59" count="2" type="stmt"/>
            <line num="60" count="2" type="stmt"/>
            <line complexity="1" visibility="private" signature="nonEmptyBoardHelper(String,String,String,BoardTextView) : void" num="63" count="2" type="method"/>
            <line num="64" count="2" type="stmt"/>
            <line num="65" count="2" type="stmt"/>
            <line num="66" count="2" type="stmt"/>
            <line num="67" count="2" type="stmt"/>
            <line num="68" count="2" type="stmt"/>
            <line complexity="1" visibility="package" signature="test_display_with_ship_4by3() : void" num="71" count="1" type="method"/>
            <line num="73" count="1" type="stmt"/>
            <line num="74" count="1" type="stmt"/>
            <line num="75" count="1" type="stmt"/>
            <line num="79" count="1" type="stmt"/>
            <line num="83" count="1" type="stmt"/>
            <line num="84" count="1" type="stmt"/>
            <line num="85" count="1" type="stmt"/>
            <line num="86" count="1" type="stmt"/>
            <line num="87" count="1" type="stmt"/>
            <line num="91" count="1" type="stmt"/>
            <line num="92" count="1" type="stmt"/>
            <line complexity="1" visibility="package" signature="test_invalid_board_size() : void" num="98" count="1" type="method"/>
            <line num="100" count="1" type="stmt"/>
            <line num="101" count="1" type="stmt"/>
            <line num="102" count="1" type="stmt"/>
            <line num="103" count="1" type="stmt"/>
            <line complexity="1" visibility="package" signature="test_display_my_board_with_enemy_next_to_it() : void" num="106" count="1" type="method"/>
            <line num="108" count="1" type="stmt"/>
[...]
            <line num="161" count="1" type="stmt"/>
            <line num="162" count="1" type="stmt"/>
            <line num="163" count="1" type="stmt"/>
            <line num="164" count="1" type="stmt"/>
            <line num="165" count="1" type="stmt"/>
            <line num="166" count="1" type="stmt"/>
            <line complexity="1" visibility="package" signature="test_check_all_sunk() : void" num="169" count="1" type="method"/>
            <line num="171" count="1" type="stmt"/>
            <line num="172" count="1" type="stmt"/>
            <line num="173" count="1" type="stmt"/>
            <line num="174" count="1" type="stmt"/>
            <line num="175" count="1" type="stmt"/>
            <line complexity="9" visibility="package" signature="test_try_move_ship() : void" num="178" count="1" type="method"/>
            <line num="180" count="1" type="stmt"/>
            <line num="181" count="1" type="stmt"/>
            <line num="182" count="1" type="stmt"/>
            <line num="183" count="1" type="stmt"/>
            <line num="184" count="1" type="stmt"/>
            <line num="185" count="1" type="stmt"/>
            <line num="187" count="1" type="stmt"/>
            <line num="188" count="1" type="stmt"/>
            <line num="189" count="1" type="stmt"/>
            <line num="190" count="1" type="stmt"/>
            <line num="191" count="1" type="stmt"/>
            <line num="194" count="1" type="stmt"/>
            <line falsecount="1" truecount="4" num="194" type="cond"/>
            <line num="195" count="4" type="stmt"/>
            <line falsecount="4" truecount="20" num="195" type="cond"/>
            <line num="196" count="20" type="stmt"/>
            <line num="197" count="20" type="stmt"/>
            <line falsecount="17" truecount="3" num="197" type="cond"/>
            <line num="198" count="3" type="stmt"/>
            <line num="199" count="3" type="stmt"/>
            <line num="200" count="3" type="stmt"/>
            <line num="202" count="17" type="stmt"/>
            <line falsecount="16" truecount="1" num="202" type="cond"/>
            <line num="203" count="1" type="stmt"/>
            <line num="204" count="1" type="stmt"/>
            <line num="205" count="1" type="stmt"/>
            <line num="207" count="16" type="stmt"/>
            <line falsecount="15" truecount="1" num="207" type="cond"/>
            <line num="208" count="1" type="stmt"/>
            <line num="209" count="1" type="stmt"/>
            <line num="210" count="1" type="stmt"/>
            <line num="212" count="15" type="stmt"/>
            <line num="213" count="15" type="stmt"/>
            <line num="218" count="1" type="stmt"/>
            <line num="219" count="1" type="stmt"/>
            <line num="220" count="1" type="stmt"/>
            <line num="221" count="1" type="stmt"/>
            <line num="222" count="1" type="stmt"/>
            <line num="224" count="1" type="stmt"/>
            <line num="225" count="1" type="stmt"/>
            <line num="226" count="1" type="stmt"/>
            <line num="227" count="1" type="stmt"/>
            <line num="228" count="1" type="stmt"/>
            <line num="229" count="1" type="stmt"/>
            <line num="231" count="1" type="stmt"/>
            <line num="232" count="1" type="stmt"/>
         </file>
         <file path="/Users/boyi/Desktop/Edu_Duke/651/ece651-sp20-bw224-battleship/battleship/src/test/java/edu/duke/bw224/battleship/PlacementTest.java" name="PlacementTest.java">
            <metrics coveredelements="61" coveredconditionals="0" complexity="6" loc="88" coveredmethods="6" methods="6" elements="61" classes="1" ncloc="77" statements="55" conditionals="0" coveredstatements="55"/>
            <class name="PlacementTest">
               <metrics coveredelements="61" coveredconditionals="0" complexity="6" coveredmethods="6" methods="6" elements="61" statements="55" conditionals="0" coveredstatements="55"/>
            </class>
            <line complexity="1" visibility="package" signature="test_where_and_orientation() : void" num="8" count="1" type="method"/>
            <line num="10" count="1" type="stmt"/>
            <line num="11" count="1" type="stmt"/>
            <line num="12" count="1" type="stmt"/>
            <line num="13" count="1" type="stmt"/>
            <line num="14" count="1" type="stmt"/>
            <line num="15" count="1" type="stmt"/>
            <line num="16" count="1" type="stmt"/>
            <line num="17" count="1" type="stmt"/>
            <line complexity="1" visibility="package" signature="test_string_constructor_valid_cases() : void" num="20" count="1" type="method"/>
            <line num="22" count="1" type="stmt"/>
            <line num="23" count="1" type="stmt"/>
            <line num="24" count="1" type="stmt"/>
            <line num="25" count="1" type="stmt"/>
            <line num="26" count="1" type="stmt"/>
            <line num="27" count="1" type="stmt"/>
            <line num="28" count="1" type="stmt"/>
            <line num="29" count="1" type="stmt"/>
            <line num="30" count="1" type="stmt"/>
            <line num="31" count="1" type="stmt"/>
            <line num="32" count="1" type="stmt"/>
            <line num="33" count="1" type="stmt"/>
            <line complexity="1" visibility="public" signature="test_string_constructor_error_cases() : void" num="37" count="1" type="method"/>
            <line num="39" count="1" type="stmt"/>
            <line num="40" count="1" type="stmt"/>
            <line num="41" count="1" type="stmt"/>
            <line num="42" count="1" type="stmt"/>
            <line num="43" count="1" type="stmt"/>
            <line num="44" count="1" type="stmt"/>
            <line num="45" count="1" type="stmt"/>
            <line num="46" count="1" type="stmt"/>
            <line num="47" count="1" type="stmt"/>
            <line num="48" count="1" type="stmt"/>
            <line num="49" count="1" type="stmt"/>
            <line complexity="1" visibility="package" signature="test_equals() : void" num="52" count="1" type="method"/>
            <line num="54" count="1" type="stmt"/>
            <line num="55" count="1" type="stmt"/>
            <line num="56" count="1" type="stmt"/>
            <line num="57" count="1" type="stmt"/>
            <line num="58" count="1" type="stmt"/>
            <line num="59" count="1" type="stmt"/>
            <line num="60" count="1" type="stmt"/>
            <line num="61" count="1" type="stmt"/>
            <line num="63" count="1" type="stmt"/>
            <line num="64" count="1" type="stmt"/>
            <line num="65" count="1" type="stmt"/>
            <line num="66" count="1" type="stmt"/>
            <line complexity="1" visibility="package" signature="test_toString() : void" num="69" count="1" type="method"/>
            <line num="71" count="1" type="stmt"/>
            <line num="72" count="1" type="stmt"/>
            <line num="73" count="1" type="stmt"/>
            <line complexity="1" visibility="package" signature="test_hashCode() : void" num="76" count="1" type="method"/>
            <line num="78" count="1" type="stmt"/>
            <line num="79" count="1" type="stmt"/>
            <line num="80" count="1" type="stmt"/>
            <line num="81" count="1" type="stmt"/>
            <line num="82" count="1" type="stmt"/>
            <line num="83" count="1" type="stmt"/>
            <line num="84" count="1" type="stmt"/>
            <line num="85" count="1" type="stmt"/>
            <line num="86" count="1" type="stmt"/>
         </file>
         <file path="/Users/boyi/Desktop/Edu_Duke/651/ece651-sp20-bw224-battleship/battleship/src/test/java/edu/duke/bw224/battleship/AllSunkLoseCheckTest.java" name="AllSunkLoseCheckTest.java">
            <metrics coveredelements="14" coveredconditionals="0" complexity="1" loc="31" coveredmethods="1" methods="1" elements="14" classes="1" ncloc="22" statements="13" conditionals="0" coveredstatements="13"/>
            <class name="AllSunkLoseCheckTest">
               <metrics coveredelements="14" coveredconditionals="0" complexity="1" coveredmethods="1" methods="1" elements="14" statements="13" conditionals="0" coveredstatements="13"/>
            </class>
            <line complexity="1" visibility="package" signature="test_all_sunk_win_check() : void" num="10" count="1" type="method"/>
            <line num="12" count="1" type="stmt"/>
            <line num="13" count="1" type="stmt"/>
            <line num="15" count="1" type="stmt"/>
            <line num="17" count="1" type="stmt"/>
            <line num="18" count="1" type="stmt"/>
            <line num="19" count="1" type="stmt"/>
            <line num="20" count="1" type="stmt"/>
            <line num="21" count="2" type="stmt"/>
            <line num="22" count="2" type="stmt"/>
            <line num="23" count="2" type="stmt"/>
            <line num="25" count="1" type="stmt"/>
            <line num="28" count="1" type="stmt"/>
            <line num="29" count="1" type="stmt"/>
         </file>
         <file path="/Users/boyi/Desktop/Edu_Duke/651/ece651-sp20-bw224-battleship/battleship/src/test/java/edu/duke/bw224/battleship/NoCollisionRuleCheckerTest.java" name="NoCollisionRuleCheckerTest.java">
            <metrics coveredelements="14" coveredconditionals="0" complexity="3" loc="38" coveredmethods="3" methods="3" elements="14" classes="1" ncloc="24" statements="11" conditionals="0" coveredstatements="11"/>
            <class name="NoCollisionRuleCheckerTest">
               <metrics coveredelements="14" coveredconditionals="0" complexity="3" coveredmethods="3" methods="3" elements="14" statements="11" conditionals="0" coveredstatements="11"/>
            </class>
            <line complexity="1" visibility="private" signature="no_collision_rule_helper(PlacementRuleChecker&lt;Character&gt;) : void" num="15" count="2" type="method"/>
            <line num="16" count="2" type="stmt"/>
            <line num="17" count="2" type="stmt"/>
            <line num="19" count="2" type="stmt"/>
            <line num="20" count="2" type="stmt"/>
            <line num="21" count="2" type="stmt"/>
            <line num="23" count="2" type="stmt"/>
            <line num="24" count="2" type="stmt"/>
            <line num="25" count="2" type="stmt"/>
            <line num="26" count="2" type="stmt"/>
            <line complexity="1" visibility="package" signature="test_no_collision_rule() : void" num="29" count="1" type="method"/>
            <line num="31" count="1" type="stmt"/>
            <line complexity="1" visibility="package" signature="test_rule_checker_chain() : void" num="34" count="1" type="method"/>
            <line num="36" count="1" type="stmt"/>
         </file>
         <file path="/Users/boyi/Desktop/Edu_Duke/651/ece651-sp20-bw224-battleship/battleship/src/test/java/edu/duke/bw224/battleship/TShipTest.java" name="TShipTest.java">
            <metrics coveredelements="88" coveredconditionals="0" complexity="7" loc="132" coveredmethods="7" methods="7" elements="88" classes="1" ncloc="116" statements="81" conditionals="0" coveredstatements="81"/>
            <class name="TShipTest">
               <metrics coveredelements="88" coveredconditionals="0" complexity="7" coveredmethods="7" methods="7" elements="88" statements="81" conditionals="0" coveredstatements="81"/>
            </class>
            <line complexity="1" visibility="package" signature="test_make_up_TShip() : void" num="16" count="1" type="method"/>
            <line num="18" count="1" type="stmt"/>
            <line num="19" count="1" type="stmt"/>
            <line num="20" count="1" type="stmt"/>
            <line num="21" count="1" type="stmt"/>
            <line num="22" count="1" type="stmt"/>
            <line num="23" count="1" type="stmt"/>
            <line num="24" count="1" type="stmt"/>
            <line num="25" count="1" type="stmt"/>
            <line num="26" count="1" type="stmt"/>
            <line num="27" count="1" type="stmt"/>
            <line num="28" count="1" type="stmt"/>
            <line num="29" count="1" type="stmt"/>
            <line num="30" count="1" type="stmt"/>
            <line num="31" count="1" type="stmt"/>
            <line num="32" count="1" type="stmt"/>
            <line num="33" count="1" type="stmt"/>
            <line num="34" count="1" type="stmt"/>
            <line num="35" count="1" type="stmt"/>
            <line num="36" count="1" type="stmt"/>
            <line complexity="1" visibility="package" signature="test_make_right_TShip() : void" num="39" count="1" type="method"/>
            <line num="41" count="1" type="stmt"/>
            <line num="42" count="1" type="stmt"/>
            <line num="43" count="1" type="stmt"/>
            <line num="44" count="1" type="stmt"/>
            <line num="45" count="1" type="stmt"/>
            <line num="46" count="1" type="stmt"/>
            <line num="47" count="1" type="stmt"/>
            <line num="48" count="1" type="stmt"/>
            <line num="49" count="1" type="stmt"/>
            <line num="50" count="1" type="stmt"/>
            <line num="51" count="1" type="stmt"/>
            <line num="52" count="1" type="stmt"/>
            <line num="53" count="1" type="stmt"/>
            <line num="54" count="1" type="stmt"/>
            <line complexity="1" visibility="package" signature="test_make_down_TShip() : void" num="57" count="1" type="method"/>
            <line num="59" count="1" type="stmt"/>
            <line num="60" count="1" type="stmt"/>
            <line num="61" count="1" type="stmt"/>
            <line num="62" count="1" type="stmt"/>
            <line num="63" count="1" type="stmt"/>
            <line num="64" count="1" type="stmt"/>
            <line num="65" count="1" type="stmt"/>
            <line num="66" count="1" type="stmt"/>
            <line num="67" count="1" type="stmt"/>
            <line num="68" count="1" type="stmt"/>
            <line num="69" count="1" type="stmt"/>
            <line num="70" count="1" type="stmt"/>
            <line num="71" count="1" type="stmt"/>
            <line num="72" count="1" type="stmt"/>
            <line complexity="1" visibility="package" signature="test_make_left_TShip() : void" num="75" count="1" type="method"/>
            <line num="77" count="1" type="stmt"/>
            <line num="78" count="1" type="stmt"/>
            <line num="79" count="1" type="stmt"/>
            <line num="80" count="1" type="stmt"/>
            <line num="81" count="1" type="stmt"/>
            <line num="82" count="1" type="stmt"/>
            <line num="83" count="1" type="stmt"/>
            <line num="84" count="1" type="stmt"/>
            <line num="85" count="1" type="stmt"/>
            <line num="86" count="1" type="stmt"/>
            <line num="87" count="1" type="stmt"/>
            <line num="88" count="1" type="stmt"/>
            <line num="89" count="1" type="stmt"/>
            <line num="90" count="1" type="stmt"/>
            <line num="91" count="1" type="stmt"/>
            <line complexity="1" visibility="package" signature="test_make_coords() : void" num="94" count="1" type="method"/>
            <line num="96" count="1" type="stmt"/>
            <line num="98" count="1" type="stmt"/>
            <line num="100" count="1" type="stmt"/>
            <line complexity="1" visibility="package" signature="test_T_ship_pieces() : void" num="103" count="1" type="method"/>
            <line num="105" count="1" type="stmt"/>
            <line num="106" count="1" type="stmt"/>
            <line num="107" count="1" type="stmt"/>
            <line num="108" count="1" type="stmt"/>
            <line num="109" count="1" type="stmt"/>
            <line num="110" count="1" type="stmt"/>
            <line num="111" count="1" type="stmt"/>
            <line num="112" count="1" type="stmt"/>
            <line num="113" count="1" type="stmt"/>
            <line num="114" count="4" type="stmt"/>
            <line num="116" count="1" type="stmt"/>
            <line num="117" count="1" type="stmt"/>
            <line complexity="1" visibility="package" signature="test_to_string() : void" num="120" count="1" type="method"/>
            <line num="122" count="1" type="stmt"/>
            <line num="123" count="1" type="stmt"/>
            <line num="124" count="1" type="stmt"/>
            <line num="128" count="1" type="stmt"/>
         </file>
         <file path="/Users/boyi/Desktop/Edu_Duke/651/ece651-sp20-bw224-battleship/battleship/src/test/java/edu/duke/bw224/battleship/SimpleShipDisplayInfoTest.java" name="SimpleShipDisplayInfoTest.java">
            <metrics coveredelements="5" coveredconditionals="0" complexity="1" loc="16" coveredmethods="1" methods="1" elements="5" classes="1" ncloc="11" statements="4" conditionals="0" coveredstatements="4"/>
            <class name="SimpleShipDisplayInfoTest">
               <metrics coveredelements="5" coveredconditionals="0" complexity="1" coveredmethods="1" methods="1" elements="5" statements="4" conditionals="0" coveredstatements="4"/>
            </class>
            <line complexity="1" visibility="package" signature="test_get_info() : void" num="8" count="1" type="method"/>
            <line num="10" count="1" type="stmt"/>
            <line num="11" count="1" type="stmt"/>
            <line num="12" count="1" type="stmt"/>
            <line num="13" count="1" type="stmt"/>
         </file>
      </package>
      <package name="default-pkg">
         <metrics coveredelements="20" complexity="2" loc="88" methods="2" classes="1" statements="18" coveredconditionals="0" coveredmethods="2" elements="20" ncloc="59" files="1" conditionals="0" coveredstatements="18"/>
         <file path="/Users/boyi/Desktop/Edu_Duke/651/ece651-sp20-bw224-battleship/battleship/src/test/java/edu/duke/bw224/battleship/AppTest.java" name="AppTest.java">
            <metrics coveredelements="20" coveredconditionals="0" complexity="2" loc="88" coveredmethods="2" methods="2" elements="20" classes="1" ncloc="59" statements="18" conditionals="0" coveredstatements="18"/>
            <class name="AppTest">
               <metrics coveredelements="20" coveredconditionals="0" complexity="2" coveredmethods="2" methods="2" elements="20" statements="18" conditionals="0" coveredstatements="18"/>
            </class>
            <line complexity="1" visibility="private" signature="mainHelper(String,String) : void" num="53" count="1" type="method"/>
            <line num="54" count="1" type="stmt"/>
            <line num="55" count="1" type="stmt"/>
            <line num="57" count="1" type="stmt"/>
            <line num="58" count="1" type="stmt"/>
            <line num="59" count="1" type="stmt"/>
            <line num="60" count="1" type="stmt"/>
            <line num="62" count="1" type="stmt"/>
            <line num="63" count="1" type="stmt"/>
            <line num="64" count="1" type="stmt"/>
            <line num="65" count="1" type="stmt"/>
            <line num="66" count="1" type="stmt"/>
            <line num="67" count="1" type="stmt"/>
            <line num="70" count="1" type="stmt"/>
            <line num="71" count="1" type="stmt"/>
            <line num="73" count="1" type="stmt"/>
            <line num="74" count="1" type="stmt"/>
            <line num="75" count="1" type="stmt"/>
            <line complexity="1" visibility="package" signature="test_main() : void" num="79" count="1" type="method"/>
            <line num="84" count="1" type="stmt"/>
         </file>
      </package>
   </project>
   <testproject name="battleship" timestamp="1676070553944">
      <metrics coveredelements="0" complexity="0" loc="0" methods="0" classes="0" statements="0" packages="0" coveredconditionals="0" coveredmethods="0" elements="0" ncloc="0" files="0" conditionals="0" coveredstatements="0"/>
   </testproject>
</coverage>